{"D:\\Gerry\\Programmer\\Best Terbaik(2025)\\Project\\Lomba Scraper\\web-app\\src\\__tests__\\setup.ts": {"path":"D:\\Gerry\\Programmer\\Best Terbaik(2025)\\Project\\Lomba Scraper\\web-app\\src\\__tests__\\setup.ts","statementMap":{"0":{"start":{"line":2,"column":7},"end":{"line":2,"column":null}}},"fnMap":{},"branchMap":{},"s":{"0":1},"f":{},"b":{}}
,"D:\\Gerry\\Programmer\\Best Terbaik(2025)\\Project\\Lomba Scraper\\web-app\\src\\app\\competition-placeholder.tsx": {"path":"D:\\Gerry\\Programmer\\Best Terbaik(2025)\\Project\\Lomba Scraper\\web-app\\src\\app\\competition-placeholder.tsx","statementMap":{"0":{"start":{"line":1,"column":16},"end":{"line":1,"column":null}}},"fnMap":{"0":{"name":"CompetitionPlaceholder","decl":{"start":{"line":1,"column":16},"end":{"line":1,"column":null}},"loc":{"start":{"line":1,"column":16},"end":{"line":13,"column":null}}}},"branchMap":{},"s":{"0":0},"f":{"0":0},"b":{}}
,"D:\\Gerry\\Programmer\\Best Terbaik(2025)\\Project\\Lomba Scraper\\web-app\\src\\app\\layout.tsx": {"path":"D:\\Gerry\\Programmer\\Best Terbaik(2025)\\Project\\Lomba Scraper\\web-app\\src\\app\\layout.tsx","statementMap":{"0":{"start":{"line":27,"column":24},"end":{"line":27,"column":35}},"1":{"start":{"line":10,"column":13},"end":{"line":10,"column":21}},"2":{"start":{"line":20,"column":13},"end":{"line":20,"column":21}},"3":{"start":{"line":2,"column":22},"end":{"line":2,"column":null}},"4":{"start":{"line":3,"column":7},"end":{"line":3,"column":null}},"5":{"start":{"line":4,"column":23},"end":{"line":4,"column":null}},"6":{"start":{"line":5,"column":30},"end":{"line":5,"column":null}},"7":{"start":{"line":6,"column":29},"end":{"line":6,"column":null}},"8":{"start":{"line":8,"column":14},"end":{"line":8,"column":null}},"9":{"start":{"line":10,"column":34},"end":{"line":18,"column":null}},"10":{"start":{"line":20,"column":34},"end":{"line":25,"column":null}}},"fnMap":{"0":{"name":"RootLayout","decl":{"start":{"line":27,"column":24},"end":{"line":27,"column":35}},"loc":{"start":{"line":31,"column":2},"end":{"line":52,"column":1}}}},"branchMap":{},"s":{"0":0,"1":0,"2":0,"3":0,"4":0,"5":0,"6":0,"7":0,"8":0,"9":0,"10":0},"f":{"0":0},"b":{}}
,"D:\\Gerry\\Programmer\\Best Terbaik(2025)\\Project\\Lomba Scraper\\web-app\\src\\app\\page.tsx": {"path":"D:\\Gerry\\Programmer\\Best Terbaik(2025)\\Project\\Lomba Scraper\\web-app\\src\\app\\page.tsx","statementMap":{"0":{"start":{"line":6,"column":30},"end":{"line":6,"column":null}},"1":{"start":{"line":1,"column":17},"end":{"line":1,"column":null}},"2":{"start":{"line":2,"column":23},"end":{"line":2,"column":null}},"3":{"start":{"line":3,"column":23},"end":{"line":3,"column":null}},"4":{"start":{"line":4,"column":60},"end":{"line":4,"column":null}},"5":{"start":{"line":8,"column":26},"end":{"line":12,"column":null}},"6":{"start":{"line":9,"column":4},"end":{"line":11,"column":null}}},"fnMap":{"0":{"name":"Home","decl":{"start":{"line":6,"column":30},"end":{"line":6,"column":null}},"loc":{"start":{"line":6,"column":30},"end":{"line":122,"column":null}}},"1":{"name":"(anonymous_3)","decl":{"start":{"line":8,"column":26},"end":{"line":8,"column":null}},"loc":{"start":{"line":8,"column":26},"end":{"line":12,"column":null}}}},"branchMap":{},"s":{"0":0,"1":0,"2":0,"3":0,"4":0,"5":0,"6":0},"f":{"0":0,"1":0},"b":{}}
,"D:\\Gerry\\Programmer\\Best Terbaik(2025)\\Project\\Lomba Scraper\\web-app\\src\\app\\beranda\\page.tsx": {"path":"D:\\Gerry\\Programmer\\Best Terbaik(2025)\\Project\\Lomba Scraper\\web-app\\src\\app\\beranda\\page.tsx","statementMap":{"0":{"start":{"line":15,"column":24},"end":{"line":15,"column":null}},"1":{"start":{"line":1,"column":17},"end":{"line":1,"column":null}},"2":{"start":{"line":2,"column":23},"end":{"line":2,"column":null}},"3":{"start":{"line":12,"column":7},"end":{"line":12,"column":null}},"4":{"start":{"line":13,"column":26},"end":{"line":13,"column":null}},"5":{"start":{"line":26,"column":14},"end":{"line":27,"column":null}}},"fnMap":{"0":{"name":"BerandaPage","decl":{"start":{"line":15,"column":24},"end":{"line":15,"column":null}},"loc":{"start":{"line":15,"column":24},"end":{"line":181,"column":null}}},"1":{"name":"(anonymous_3)","decl":{"start":{"line":25,"column":44},"end":{"line":25,"column":45}},"loc":{"start":{"line":26,"column":14},"end":{"line":27,"column":null}}}},"branchMap":{},"s":{"0":0,"1":0,"2":0,"3":0,"4":0,"5":0},"f":{"0":0,"1":0},"b":{}}
,"D:\\Gerry\\Programmer\\Best Terbaik(2025)\\Project\\Lomba Scraper\\web-app\\src\\app\\home-alt\\page.tsx": {"path":"D:\\Gerry\\Programmer\\Best Terbaik(2025)\\Project\\Lomba Scraper\\web-app\\src\\app\\home-alt\\page.tsx","statementMap":{"0":{"start":{"line":15,"column":24},"end":{"line":15,"column":null}},"1":{"start":{"line":1,"column":17},"end":{"line":1,"column":null}},"2":{"start":{"line":2,"column":23},"end":{"line":2,"column":null}},"3":{"start":{"line":12,"column":7},"end":{"line":12,"column":null}},"4":{"start":{"line":13,"column":26},"end":{"line":13,"column":null}},"5":{"start":{"line":26,"column":14},"end":{"line":27,"column":null}}},"fnMap":{"0":{"name":"AlternativeHome","decl":{"start":{"line":15,"column":24},"end":{"line":15,"column":null}},"loc":{"start":{"line":15,"column":24},"end":{"line":181,"column":null}}},"1":{"name":"(anonymous_3)","decl":{"start":{"line":25,"column":44},"end":{"line":25,"column":45}},"loc":{"start":{"line":26,"column":14},"end":{"line":27,"column":null}}}},"branchMap":{},"s":{"0":0,"1":0,"2":0,"3":0,"4":0,"5":0},"f":{"0":0,"1":0},"b":{}}
,"D:\\Gerry\\Programmer\\Best Terbaik(2025)\\Project\\Lomba Scraper\\web-app\\src\\app\\kompetisi\\page.tsx": {"path":"D:\\Gerry\\Programmer\\Best Terbaik(2025)\\Project\\Lomba Scraper\\web-app\\src\\app\\kompetisi\\page.tsx","statementMap":{"0":{"start":{"line":183,"column":24},"end":{"line":183,"column":null}},"1":{"start":{"line":1,"column":26},"end":{"line":1,"column":null}},"2":{"start":{"line":2,"column":23},"end":{"line":2,"column":null}},"3":{"start":{"line":3,"column":22},"end":{"line":3,"column":null}},"4":{"start":{"line":4,"column":78},"end":{"line":4,"column":null}},"5":{"start":{"line":5,"column":22},"end":{"line":5,"column":null}},"6":{"start":{"line":6,"column":57},"end":{"line":6,"column":null}},"7":{"start":{"line":7,"column":77},"end":{"line":7,"column":null}},"8":{"start":{"line":8,"column":17},"end":{"line":8,"column":null}},"9":{"start":{"line":11,"column":26},"end":{"line":100,"column":null}},"10":{"start":{"line":104,"column":19},"end":{"line":104,"column":null}},"11":{"start":{"line":105,"column":16},"end":{"line":105,"column":null}},"12":{"start":{"line":106,"column":19},"end":{"line":106,"column":null}},"13":{"start":{"line":107,"column":19},"end":{"line":107,"column":null}},"14":{"start":{"line":108,"column":2},"end":{"line":108,"column":null}},"15":{"start":{"line":113,"column":28},"end":{"line":113,"column":null}},"16":{"start":{"line":114,"column":20},"end":{"line":114,"column":null}},"17":{"start":{"line":161,"column":12},"end":{"line":161,"column":31}},"18":{"start":{"line":262,"column":16},"end":{"line":262,"column":54}},"19":{"start":{"line":270,"column":32},"end":{"line":270,"column":null}},"20":{"start":{"line":272,"column":18},"end":{"line":272,"column":56}},"21":{"start":{"line":281,"column":32},"end":{"line":281,"column":null}},"22":{"start":{"line":283,"column":18},"end":{"line":283,"column":56}},"23":{"start":{"line":292,"column":32},"end":{"line":292,"column":null}},"24":{"start":{"line":294,"column":18},"end":{"line":294,"column":56}}},"fnMap":{"0":{"name":"getDaysUntilDeadline","decl":{"start":{"line":103,"column":9},"end":{"line":103,"column":30}},"loc":{"start":{"line":103,"column":49},"end":{"line":109,"column":null}}},"1":{"name":"CompetitionCard","decl":{"start":{"line":112,"column":9},"end":{"line":112,"column":25}},"loc":{"start":{"line":112,"column":62},"end":{"line":181,"column":null}}},"2":{"name":"(anonymous_4)","decl":{"start":{"line":160,"column":44},"end":{"line":160,"column":45}},"loc":{"start":{"line":161,"column":12},"end":{"line":161,"column":31}}},"3":{"name":"KompetisiPage","decl":{"start":{"line":183,"column":24},"end":{"line":183,"column":null}},"loc":{"start":{"line":183,"column":24},"end":{"line":310,"column":null}}},"4":{"name":"(anonymous_6)","decl":{"start":{"line":261,"column":37},"end":{"line":261,"column":38}},"loc":{"start":{"line":262,"column":16},"end":{"line":262,"column":54}}},"5":{"name":"(anonymous_7)","decl":{"start":{"line":270,"column":24},"end":{"line":270,"column":32}},"loc":{"start":{"line":270,"column":32},"end":{"line":270,"column":null}}},"6":{"name":"(anonymous_8)","decl":{"start":{"line":271,"column":21},"end":{"line":271,"column":22}},"loc":{"start":{"line":272,"column":18},"end":{"line":272,"column":56}}},"7":{"name":"(anonymous_9)","decl":{"start":{"line":281,"column":24},"end":{"line":281,"column":32}},"loc":{"start":{"line":281,"column":32},"end":{"line":281,"column":null}}},"8":{"name":"(anonymous_10)","decl":{"start":{"line":282,"column":21},"end":{"line":282,"column":22}},"loc":{"start":{"line":283,"column":18},"end":{"line":283,"column":56}}},"9":{"name":"(anonymous_11)","decl":{"start":{"line":292,"column":24},"end":{"line":292,"column":32}},"loc":{"start":{"line":292,"column":32},"end":{"line":292,"column":null}}},"10":{"name":"(anonymous_12)","decl":{"start":{"line":293,"column":21},"end":{"line":293,"column":22}},"loc":{"start":{"line":294,"column":18},"end":{"line":294,"column":56}}}},"branchMap":{"0":{"loc":{"start":{"line":125,"column":26},"end":{"line":125,"column":67}},"type":"cond-expr","locations":[{"start":{"line":125,"column":38},"end":{"line":125,"column":54}},{"start":{"line":125,"column":54},"end":{"line":125,"column":67}}]},"1":{"loc":{"start":{"line":126,"column":13},"end":{"line":130,"column":50}},"type":"cond-expr","locations":[{"start":{"line":127,"column":16},"end":{"line":127,"column":null}},{"start":{"line":128,"column":16},"end":{"line":130,"column":50}}]},"2":{"loc":{"start":{"line":128,"column":16},"end":{"line":130,"column":50}},"type":"cond-expr","locations":[{"start":{"line":129,"column":18},"end":{"line":129,"column":null}},{"start":{"line":130,"column":18},"end":{"line":130,"column":50}}]},"3":{"loc":{"start":{"line":165,"column":11},"end":{"line":165,"column":null}},"type":"binary-expr","locations":[{"start":{"line":165,"column":11},"end":{"line":165,"column":null}}]},"4":{"loc":{"start":{"line":172,"column":52},"end":{"line":172,"column":null}},"type":"cond-expr","locations":[{"start":{"line":172,"column":64},"end":{"line":172,"column":76}},{"start":{"line":172,"column":76},"end":{"line":172,"column":null}}]},"5":{"loc":{"start":{"line":174,"column":13},"end":{"line":174,"column":null}},"type":"cond-expr","locations":[{"start":{"line":174,"column":25},"end":{"line":174,"column":42}},{"start":{"line":174,"column":42},"end":{"line":174,"column":null}}]}},"s":{"0":1,"1":1,"2":1,"3":1,"4":1,"5":1,"6":1,"7":1,"8":1,"9":1,"10":0,"11":0,"12":0,"13":0,"14":0,"15":0,"16":0,"17":0,"18":0,"19":0,"20":0,"21":0,"22":0,"23":0,"24":0},"f":{"0":0,"1":0,"2":0,"3":0,"4":0,"5":0,"6":0,"7":0,"8":0,"9":0,"10":0},"b":{"0":[0,0],"1":[0,0],"2":[0,0],"3":[0],"4":[0,0],"5":[0,0]}}
,"D:\\Gerry\\Programmer\\Best Terbaik(2025)\\Project\\Lomba Scraper\\web-app\\src\\app\\lomba\\page.tsx": {"path":"D:\\Gerry\\Programmer\\Best Terbaik(2025)\\Project\\Lomba Scraper\\web-app\\src\\app\\lomba\\page.tsx","statementMap":{"0":{"start":{"line":20,"column":24},"end":{"line":20,"column":null}},"1":{"start":{"line":3,"column":36},"end":{"line":3,"column":null}},"2":{"start":{"line":4,"column":32},"end":{"line":4,"column":null}},"3":{"start":{"line":5,"column":36},"end":{"line":5,"column":null}},"4":{"start":{"line":6,"column":23},"end":{"line":6,"column":null}},"5":{"start":{"line":7,"column":50},"end":{"line":7,"column":null}},"6":{"start":{"line":9,"column":32},"end":{"line":9,"column":null}},"7":{"start":{"line":10,"column":29},"end":{"line":10,"column":null}},"8":{"start":{"line":11,"column":35},"end":{"line":11,"column":null}},"9":{"start":{"line":12,"column":23},"end":{"line":12,"column":null}},"10":{"start":{"line":14,"column":23},"end":{"line":14,"column":null}},"11":{"start":{"line":15,"column":15},"end":{"line":18,"column":null}},"12":{"start":{"line":21,"column":42},"end":{"line":21,"column":null}},"13":{"start":{"line":22,"column":32},"end":{"line":22,"column":null}},"14":{"start":{"line":23,"column":40},"end":{"line":23,"column":null}},"15":{"start":{"line":24,"column":30},"end":{"line":24,"column":null}},"16":{"start":{"line":25,"column":58},"end":{"line":25,"column":null}},"17":{"start":{"line":26,"column":40},"end":{"line":26,"column":null}},"18":{"start":{"line":28,"column":2},"end":{"line":50,"column":null}},"19":{"start":{"line":30,"column":6},"end":{"line":30,"column":null}},"20":{"start":{"line":31,"column":6},"end":{"line":46,"column":null}},"21":{"start":{"line":33,"column":21},"end":{"line":33,"column":null}},"22":{"start":{"line":34,"column":8},"end":{"line":34,"column":null}},"23":{"start":{"line":36,"column":8},"end":{"line":41,"column":null}},"24":{"start":{"line":37,"column":10},"end":{"line":37,"column":null}},"25":{"start":{"line":38,"column":10},"end":{"line":38,"column":null}},"26":{"start":{"line":40,"column":10},"end":{"line":40,"column":null}},"27":{"start":{"line":43,"column":8},"end":{"line":43,"column":null}},"28":{"start":{"line":45,"column":8},"end":{"line":45,"column":null}},"29":{"start":{"line":49,"column":4},"end":{"line":49,"column":null}},"30":{"start":{"line":52,"column":2},"end":{"line":108,"column":null}},"31":{"start":{"line":53,"column":19},"end":{"line":53,"column":null}},"32":{"start":{"line":56,"column":4},"end":{"line":85,"column":null}},"33":{"start":{"line":57,"column":20},"end":{"line":57,"column":null}},"34":{"start":{"line":58,"column":26},"end":{"line":58,"column":null}},"35":{"start":{"line":60,"column":6},"end":{"line":84,"column":null}},"36":{"start":{"line":61,"column":31},"end":{"line":66,"column":9}},"37":{"start":{"line":69,"column":31},"end":{"line":69,"column":null}},"38":{"start":{"line":69,"column":57},"end":{"line":69,"column":null}},"39":{"start":{"line":70,"column":8},"end":{"line":73,"column":null}},"40":{"start":{"line":71,"column":27},"end":{"line":71,"column":null}},"41":{"start":{"line":72,"column":10},"end":{"line":72,"column":null}},"42":{"start":{"line":72,"column":54},"end":{"line":72,"column":null}},"43":{"start":{"line":76,"column":26},"end":{"line":76,"column":null}},"44":{"start":{"line":77,"column":8},"end":{"line":80,"column":null}},"45":{"start":{"line":78,"column":27},"end":{"line":78,"column":null}},"46":{"start":{"line":79,"column":10},"end":{"line":79,"column":null}},"47":{"start":{"line":79,"column":66},"end":{"line":79,"column":null}},"48":{"start":{"line":83,"column":8},"end":{"line":83,"column":null}},"49":{"start":{"line":83,"column":41},"end":{"line":83,"column":null}},"50":{"start":{"line":88,"column":4},"end":{"line":92,"column":null}},"51":{"start":{"line":89,"column":6},"end":{"line":90,"column":null}},"52":{"start":{"line":90,"column":8},"end":{"line":90,"column":null}},"53":{"start":{"line":93,"column":4},"end":{"line":98,"column":null}},"54":{"start":{"line":94,"column":6},"end":{"line":97,"column":null}},"55":{"start":{"line":95,"column":25},"end":{"line":95,"column":null}},"56":{"start":{"line":96,"column":8},"end":{"line":96,"column":null}},"57":{"start":{"line":99,"column":4},"end":{"line":104,"column":null}},"58":{"start":{"line":100,"column":6},"end":{"line":103,"column":null}},"59":{"start":{"line":101,"column":25},"end":{"line":101,"column":null}},"60":{"start":{"line":102,"column":8},"end":{"line":102,"column":null}},"61":{"start":{"line":106,"column":4},"end":{"line":106,"column":null}},"62":{"start":{"line":107,"column":4},"end":{"line":107,"column":null}},"63":{"start":{"line":110,"column":21},"end":{"line":110,"column":null}},"64":{"start":{"line":111,"column":21},"end":{"line":111,"column":null}},"65":{"start":{"line":112,"column":19},"end":{"line":112,"column":null}},"66":{"start":{"line":113,"column":30},"end":{"line":113,"column":null}},"67":{"start":{"line":115,"column":27},"end":{"line":118,"column":null}},"68":{"start":{"line":116,"column":4},"end":{"line":116,"column":null}},"69":{"start":{"line":117,"column":4},"end":{"line":117,"column":null}},"70":{"start":{"line":137,"column":35},"end":{"line":137,"column":null}},"71":{"start":{"line":151,"column":18},"end":{"line":151,"column":null}},"72":{"start":{"line":158,"column":20},"end":{"line":158,"column":58}},"73":{"start":{"line":168,"column":37},"end":{"line":168,"column":null}},"74":{"start":{"line":174,"column":22},"end":{"line":175,"column":null}},"75":{"start":{"line":178,"column":39},"end":{"line":178,"column":null}},"76":{"start":{"line":186,"column":37},"end":{"line":186,"column":null}},"77":{"start":{"line":202,"column":22},"end":{"line":202,"column":null}},"78":{"start":{"line":203,"column":22},"end":{"line":203,"column":null}}},"fnMap":{"0":{"name":"CompetitionPage","decl":{"start":{"line":20,"column":24},"end":{"line":20,"column":null}},"loc":{"start":{"line":20,"column":24},"end":{"line":216,"column":null}}},"1":{"name":"(anonymous_2)","decl":{"start":{"line":28,"column":12},"end":{"line":28,"column":null}},"loc":{"start":{"line":28,"column":12},"end":{"line":50,"column":5}}},"2":{"name":"fetchCompetitions","decl":{"start":{"line":29,"column":19},"end":{"line":29,"column":null}},"loc":{"start":{"line":29,"column":19},"end":{"line":47,"column":null}}},"3":{"name":"(anonymous_4)","decl":{"start":{"line":52,"column":12},"end":{"line":52,"column":null}},"loc":{"start":{"line":52,"column":12},"end":{"line":108,"column":5}}},"4":{"name":"(anonymous_5)","decl":{"start":{"line":60,"column":33},"end":{"line":60,"column":null}},"loc":{"start":{"line":60,"column":33},"end":{"line":84,"column":null}}},"5":{"name":"(anonymous_6)","decl":{"start":{"line":69,"column":48},"end":{"line":69,"column":57}},"loc":{"start":{"line":69,"column":57},"end":{"line":69,"column":null}}},"6":{"name":"(anonymous_7)","decl":{"start":{"line":83,"column":33},"end":{"line":83,"column":41}},"loc":{"start":{"line":83,"column":41},"end":{"line":83,"column":null}}},"7":{"name":"(anonymous_8)","decl":{"start":{"line":89,"column":33},"end":{"line":89,"column":null}},"loc":{"start":{"line":90,"column":8},"end":{"line":90,"column":null}}},"8":{"name":"(anonymous_9)","decl":{"start":{"line":94,"column":33},"end":{"line":94,"column":null}},"loc":{"start":{"line":94,"column":33},"end":{"line":97,"column":null}}},"9":{"name":"(anonymous_10)","decl":{"start":{"line":100,"column":33},"end":{"line":100,"column":null}},"loc":{"start":{"line":100,"column":33},"end":{"line":103,"column":null}}},"10":{"name":"(anonymous_11)","decl":{"start":{"line":115,"column":27},"end":{"line":115,"column":28}},"loc":{"start":{"line":115,"column":28},"end":{"line":118,"column":null}}},"11":{"name":"(anonymous_12)","decl":{"start":{"line":137,"column":28},"end":{"line":137,"column":29}},"loc":{"start":{"line":137,"column":35},"end":{"line":137,"column":null}}},"12":{"name":"(anonymous_13)","decl":{"start":{"line":150,"column":60},"end":{"line":150,"column":61}},"loc":{"start":{"line":151,"column":18},"end":{"line":151,"column":null}}},"13":{"name":"(anonymous_14)","decl":{"start":{"line":157,"column":43},"end":{"line":157,"column":44}},"loc":{"start":{"line":158,"column":20},"end":{"line":158,"column":58}}},"14":{"name":"(anonymous_15)","decl":{"start":{"line":168,"column":31},"end":{"line":168,"column":37}},"loc":{"start":{"line":168,"column":37},"end":{"line":168,"column":null}}},"15":{"name":"(anonymous_16)","decl":{"start":{"line":173,"column":60},"end":{"line":173,"column":61}},"loc":{"start":{"line":174,"column":22},"end":{"line":175,"column":null}}},"16":{"name":"(anonymous_17)","decl":{"start":{"line":178,"column":33},"end":{"line":178,"column":39}},"loc":{"start":{"line":178,"column":39},"end":{"line":178,"column":null}}},"17":{"name":"(anonymous_18)","decl":{"start":{"line":186,"column":31},"end":{"line":186,"column":37}},"loc":{"start":{"line":186,"column":37},"end":{"line":186,"column":null}}},"18":{"name":"(anonymous_19)","decl":{"start":{"line":201,"column":29},"end":{"line":201,"column":null}},"loc":{"start":{"line":201,"column":29},"end":{"line":204,"column":null}}}},"branchMap":{"0":{"loc":{"start":{"line":36,"column":8},"end":{"line":41,"column":null}},"type":"if","locations":[{"start":{"line":36,"column":8},"end":{"line":41,"column":null}},{"start":{"line":39,"column":15},"end":{"line":41,"column":null}}]},"1":{"loc":{"start":{"line":36,"column":12},"end":{"line":36,"column":37}},"type":"binary-expr","locations":[{"start":{"line":36,"column":12},"end":{"line":36,"column":20}},{"start":{"line":36,"column":20},"end":{"line":36,"column":37}}]},"2":{"loc":{"start":{"line":56,"column":4},"end":{"line":85,"column":null}},"type":"if","locations":[{"start":{"line":56,"column":4},"end":{"line":85,"column":null}}]},"3":{"loc":{"start":{"line":63,"column":12},"end":{"line":63,"column":50}},"type":"binary-expr","locations":[{"start":{"line":63,"column":12},"end":{"line":63,"column":47}},{"start":{"line":63,"column":47},"end":{"line":63,"column":50}}]},"4":{"loc":{"start":{"line":70,"column":8},"end":{"line":73,"column":null}},"type":"if","locations":[{"start":{"line":70,"column":8},"end":{"line":73,"column":null}}]},"5":{"loc":{"start":{"line":72,"column":10},"end":{"line":72,"column":null}},"type":"if","locations":[{"start":{"line":72,"column":10},"end":{"line":72,"column":null}}]},"6":{"loc":{"start":{"line":77,"column":8},"end":{"line":80,"column":null}},"type":"if","locations":[{"start":{"line":77,"column":8},"end":{"line":80,"column":null}}]},"7":{"loc":{"start":{"line":79,"column":10},"end":{"line":79,"column":null}},"type":"if","locations":[{"start":{"line":79,"column":10},"end":{"line":79,"column":null}}]},"8":{"loc":{"start":{"line":88,"column":4},"end":{"line":92,"column":null}},"type":"if","locations":[{"start":{"line":88,"column":4},"end":{"line":92,"column":null}}]},"9":{"loc":{"start":{"line":93,"column":4},"end":{"line":98,"column":null}},"type":"if","locations":[{"start":{"line":93,"column":4},"end":{"line":98,"column":null}}]},"10":{"loc":{"start":{"line":99,"column":4},"end":{"line":104,"column":null}},"type":"if","locations":[{"start":{"line":99,"column":4},"end":{"line":104,"column":null}}]},"11":{"loc":{"start":{"line":149,"column":14},"end":{"line":154,"column":37}},"type":"cond-expr","locations":[{"start":{"line":149,"column":14},"end":{"line":154,"column":37}}]},"12":{"loc":{"start":{"line":155,"column":14},"end":{"line":195,"column":15}},"type":"cond-expr","locations":[{"start":{"line":155,"column":14},"end":{"line":195,"column":15}}]},"13":{"loc":{"start":{"line":163,"column":17},"end":{"line":163,"column":null}},"type":"binary-expr","locations":[{"start":{"line":163,"column":17},"end":{"line":163,"column":null}}]},"14":{"loc":{"start":{"line":176,"column":33},"end":{"line":176,"column":null}},"type":"cond-expr","locations":[{"start":{"line":176,"column":57},"end":{"line":176,"column":69}},{"start":{"line":176,"column":69},"end":{"line":176,"column":null}}]},"15":{"loc":{"start":{"line":197,"column":18},"end":{"line":197,"column":33}},"type":"binary-expr","locations":[{"start":{"line":197,"column":18},"end":{"line":197,"column":33}},{"start":{"line":197,"column":33},"end":{"line":197,"column":null}}]}},"s":{"0":0,"1":0,"2":0,"3":0,"4":0,"5":0,"6":0,"7":0,"8":0,"9":0,"10":0,"11":0,"12":0,"13":0,"14":0,"15":0,"16":0,"17":0,"18":0,"19":0,"20":0,"21":0,"22":0,"23":0,"24":0,"25":0,"26":0,"27":0,"28":0,"29":0,"30":0,"31":0,"32":0,"33":0,"34":0,"35":0,"36":0,"37":0,"38":0,"39":0,"40":0,"41":0,"42":0,"43":0,"44":0,"45":0,"46":0,"47":0,"48":0,"49":0,"50":0,"51":0,"52":0,"53":0,"54":0,"55":0,"56":0,"57":0,"58":0,"59":0,"60":0,"61":0,"62":0,"63":0,"64":0,"65":0,"66":0,"67":0,"68":0,"69":0,"70":0,"71":0,"72":0,"73":0,"74":0,"75":0,"76":0,"77":0,"78":0},"f":{"0":0,"1":0,"2":0,"3":0,"4":0,"5":0,"6":0,"7":0,"8":0,"9":0,"10":0,"11":0,"12":0,"13":0,"14":0,"15":0,"16":0,"17":0,"18":0},"b":{"0":[0,0],"1":[0,0],"2":[0],"3":[0,0],"4":[0],"5":[0],"6":[0],"7":[0],"8":[0],"9":[0],"10":[0],"11":[0],"12":[0],"13":[0],"14":[0,0],"15":[0,0]}}
,"D:\\Gerry\\Programmer\\Best Terbaik(2025)\\Project\\Lomba Scraper\\web-app\\src\\components\\mode-toggle.tsx": {"path":"D:\\Gerry\\Programmer\\Best Terbaik(2025)\\Project\\Lomba Scraper\\web-app\\src\\components\\mode-toggle.tsx","statementMap":{"0":{"start":{"line":15,"column":16},"end":{"line":15,"column":null}},"1":{"start":{"line":3,"column":23},"end":{"line":3,"column":null}},"2":{"start":{"line":4,"column":26},"end":{"line":4,"column":null}},"3":{"start":{"line":5,"column":25},"end":{"line":5,"column":null}},"4":{"start":{"line":7,"column":23},"end":{"line":7,"column":null}},"5":{"start":{"line":13,"column":7},"end":{"line":13,"column":null}},"6":{"start":{"line":16,"column":23},"end":{"line":16,"column":null}},"7":{"start":{"line":28,"column":41},"end":{"line":28,"column":60}},"8":{"start":{"line":31,"column":41},"end":{"line":31,"column":59}},"9":{"start":{"line":34,"column":41},"end":{"line":34,"column":61}}},"fnMap":{"0":{"name":"ModeToggle","decl":{"start":{"line":15,"column":16},"end":{"line":15,"column":null}},"loc":{"start":{"line":15,"column":16},"end":{"line":40,"column":null}}},"1":{"name":"(anonymous_5)","decl":{"start":{"line":28,"column":35},"end":{"line":28,"column":41}},"loc":{"start":{"line":28,"column":41},"end":{"line":28,"column":60}}},"2":{"name":"(anonymous_6)","decl":{"start":{"line":31,"column":35},"end":{"line":31,"column":41}},"loc":{"start":{"line":31,"column":41},"end":{"line":31,"column":59}}},"3":{"name":"(anonymous_7)","decl":{"start":{"line":34,"column":35},"end":{"line":34,"column":41}},"loc":{"start":{"line":34,"column":41},"end":{"line":34,"column":61}}}},"branchMap":{},"s":{"0":0,"1":0,"2":0,"3":0,"4":0,"5":0,"6":0,"7":0,"8":0,"9":0},"f":{"0":0,"1":0,"2":0,"3":0},"b":{}}
,"D:\\Gerry\\Programmer\\Best Terbaik(2025)\\Project\\Lomba Scraper\\web-app\\src\\components\\theme-provider.tsx": {"path":"D:\\Gerry\\Programmer\\Best Terbaik(2025)\\Project\\Lomba Scraper\\web-app\\src\\components\\theme-provider.tsx","statementMap":{"0":{"start":{"line":7,"column":16},"end":{"line":7,"column":30}},"1":{"start":{"line":3,"column":23},"end":{"line":3,"column":null}},"2":{"start":{"line":4,"column":52},"end":{"line":4,"column":null}}},"fnMap":{"0":{"name":"ThemeProvider","decl":{"start":{"line":7,"column":16},"end":{"line":7,"column":30}},"loc":{"start":{"line":7,"column":72},"end":{"line":9,"column":null}}}},"branchMap":{},"s":{"0":0,"1":0,"2":0},"f":{"0":0},"b":{}}
,"D:\\Gerry\\Programmer\\Best Terbaik(2025)\\Project\\Lomba Scraper\\web-app\\src\\components\\layout\\footer.tsx": {"path":"D:\\Gerry\\Programmer\\Best Terbaik(2025)\\Project\\Lomba Scraper\\web-app\\src\\components\\layout\\footer.tsx","statementMap":{"0":{"start":{"line":6,"column":16},"end":{"line":6,"column":null}},"1":{"start":{"line":3,"column":17},"end":{"line":3,"column":null}},"2":{"start":{"line":4,"column":18},"end":{"line":4,"column":null}},"3":{"start":{"line":7,"column":22},"end":{"line":7,"column":null}}},"fnMap":{"0":{"name":"Footer","decl":{"start":{"line":6,"column":16},"end":{"line":6,"column":null}},"loc":{"start":{"line":6,"column":16},"end":{"line":113,"column":null}}}},"branchMap":{"0":{"loc":{"start":{"line":98,"column":15},"end":{"line":98,"column":50}},"type":"cond-expr","locations":[{"start":{"line":98,"column":36},"end":{"line":98,"column":47}},{"start":{"line":98,"column":47},"end":{"line":98,"column":50}}]}},"s":{"0":0,"1":0,"2":0,"3":0},"f":{"0":0},"b":{"0":[0,0]}}
,"D:\\Gerry\\Programmer\\Best Terbaik(2025)\\Project\\Lomba Scraper\\web-app\\src\\components\\layout\\navbar-alt.tsx": {"path":"D:\\Gerry\\Programmer\\Best Terbaik(2025)\\Project\\Lomba Scraper\\web-app\\src\\components\\layout\\navbar-alt.tsx","statementMap":{"0":{"start":{"line":9,"column":16},"end":{"line":9,"column":null}},"1":{"start":{"line":3,"column":17},"end":{"line":3,"column":null}},"2":{"start":{"line":4,"column":28},"end":{"line":4,"column":null}},"3":{"start":{"line":5,"column":23},"end":{"line":5,"column":null}},"4":{"start":{"line":6,"column":34},"end":{"line":6,"column":null}},"5":{"start":{"line":7,"column":25},"end":{"line":7,"column":null}},"6":{"start":{"line":10,"column":19},"end":{"line":10,"column":null}},"7":{"start":{"line":11,"column":30},"end":{"line":11,"column":null}},"8":{"start":{"line":13,"column":21},"end":{"line":16,"column":null}},"9":{"start":{"line":32,"column":31},"end":{"line":32,"column":53}},"10":{"start":{"line":33,"column":14},"end":{"line":35,"column":null}},"11":{"start":{"line":61,"column":27},"end":{"line":61,"column":null}}},"fnMap":{"0":{"name":"NavbarAlt","decl":{"start":{"line":9,"column":16},"end":{"line":9,"column":null}},"loc":{"start":{"line":9,"column":16},"end":{"line":75,"column":null}}},"1":{"name":"(anonymous_3)","decl":{"start":{"line":31,"column":28},"end":{"line":31,"column":29}},"loc":{"start":{"line":31,"column":29},"end":{"line":45,"column":null}}},"2":{"name":"(anonymous_4)","decl":{"start":{"line":61,"column":21},"end":{"line":61,"column":27}},"loc":{"start":{"line":61,"column":27},"end":{"line":61,"column":null}}}},"branchMap":{"0":{"loc":{"start":{"line":39,"column":20},"end":{"line":39,"column":null}},"type":"cond-expr","locations":[{"start":{"line":39,"column":31},"end":{"line":39,"column":62}},{"start":{"line":39,"column":62},"end":{"line":39,"column":null}}]},"1":{"loc":{"start":{"line":61,"column":36},"end":{"line":61,"column":null}},"type":"cond-expr","locations":[{"start":{"line":61,"column":56},"end":{"line":61,"column":65}},{"start":{"line":61,"column":65},"end":{"line":61,"column":null}}]},"2":{"loc":{"start":{"line":65,"column":14},"end":{"line":67,"column":15}},"type":"cond-expr","locations":[{"start":{"line":65,"column":14},"end":{"line":67,"column":15}}]}},"s":{"0":0,"1":0,"2":0,"3":0,"4":0,"5":0,"6":0,"7":0,"8":0,"9":0,"10":0,"11":0},"f":{"0":0,"1":0,"2":0},"b":{"0":[0,0],"1":[0,0],"2":[0]}}
,"D:\\Gerry\\Programmer\\Best Terbaik(2025)\\Project\\Lomba Scraper\\web-app\\src\\components\\layout\\navbar.tsx": {"path":"D:\\Gerry\\Programmer\\Best Terbaik(2025)\\Project\\Lomba Scraper\\web-app\\src\\components\\layout\\navbar.tsx","statementMap":{"0":{"start":{"line":10,"column":16},"end":{"line":10,"column":null}},"1":{"start":{"line":3,"column":17},"end":{"line":3,"column":null}},"2":{"start":{"line":4,"column":28},"end":{"line":4,"column":null}},"3":{"start":{"line":5,"column":23},"end":{"line":5,"column":null}},"4":{"start":{"line":6,"column":26},"end":{"line":6,"column":null}},"5":{"start":{"line":7,"column":25},"end":{"line":7,"column":null}},"6":{"start":{"line":8,"column":18},"end":{"line":8,"column":null}},"7":{"start":{"line":11,"column":19},"end":{"line":11,"column":null}},"8":{"start":{"line":12,"column":30},"end":{"line":12,"column":null}},"9":{"start":{"line":14,"column":21},"end":{"line":18,"column":null}},"10":{"start":{"line":46,"column":14},"end":{"line":47,"column":null}},"11":{"start":{"line":64,"column":25},"end":{"line":64,"column":null}}},"fnMap":{"0":{"name":"Navbar","decl":{"start":{"line":10,"column":16},"end":{"line":10,"column":null}},"loc":{"start":{"line":10,"column":16},"end":{"line":73,"column":null}}},"1":{"name":"(anonymous_3)","decl":{"start":{"line":45,"column":28},"end":{"line":45,"column":29}},"loc":{"start":{"line":46,"column":14},"end":{"line":47,"column":null}}},"2":{"name":"(anonymous_4)","decl":{"start":{"line":64,"column":19},"end":{"line":64,"column":25}},"loc":{"start":{"line":64,"column":25},"end":{"line":64,"column":null}}}},"branchMap":{"0":{"loc":{"start":{"line":26,"column":13},"end":{"line":26,"column":null}},"type":"binary-expr","locations":[{"start":{"line":26,"column":13},"end":{"line":26,"column":null}}]},"1":{"loc":{"start":{"line":40,"column":17},"end":{"line":40,"column":null}},"type":"cond-expr","locations":[{"start":{"line":40,"column":44},"end":{"line":40,"column":62}},{"start":{"line":40,"column":62},"end":{"line":40,"column":null}}]},"2":{"loc":{"start":{"line":50,"column":18},"end":{"line":52,"column":null}},"type":"cond-expr","locations":[{"start":{"line":51,"column":22},"end":{"line":51,"column":null}},{"start":{"line":52,"column":22},"end":{"line":52,"column":null}}]},"3":{"loc":{"start":{"line":64,"column":34},"end":{"line":64,"column":null}},"type":"cond-expr","locations":[{"start":{"line":64,"column":54},"end":{"line":64,"column":63}},{"start":{"line":64,"column":63},"end":{"line":64,"column":null}}]}},"s":{"0":0,"1":0,"2":0,"3":0,"4":0,"5":0,"6":0,"7":0,"8":0,"9":0,"10":0,"11":0},"f":{"0":0,"1":0,"2":0},"b":{"0":[0],"1":[0,0],"2":[0,0],"3":[0,0]}}
,"D:\\Gerry\\Programmer\\Best Terbaik(2025)\\Project\\Lomba Scraper\\web-app\\src\\components\\providers\\supabase-provider.tsx": {"path":"D:\\Gerry\\Programmer\\Best Terbaik(2025)\\Project\\Lomba Scraper\\web-app\\src\\components\\providers\\supabase-provider.tsx","statementMap":{"0":{"start":{"line":8,"column":24},"end":{"line":8,"column":41}},"1":{"start":{"line":54,"column":13},"end":{"line":54,"column":24}},"2":{"start":{"line":3,"column":53},"end":{"line":3,"column":null}},"3":{"start":{"line":4,"column":25},"end":{"line":4,"column":null}},"4":{"start":{"line":6,"column":16},"end":{"line":6,"column":null}},"5":{"start":{"line":13,"column":2},"end":{"line":45,"column":null}},"6":{"start":{"line":14,"column":31},"end":{"line":42,"column":null}},"7":{"start":{"line":15,"column":6},"end":{"line":41,"column":null}},"8":{"start":{"line":16,"column":38},"end":{"line":16,"column":null}},"9":{"start":{"line":17,"column":8},"end":{"line":38,"column":null}},"10":{"start":{"line":18,"column":24},"end":{"line":18,"column":62}},"11":{"start":{"line":19,"column":27},"end":{"line":19,"column":68}},"12":{"start":{"line":21,"column":10},"end":{"line":35,"column":null}},"13":{"start":{"line":22,"column":12},"end":{"line":22,"column":null}},"14":{"start":{"line":23,"column":30},"end":{"line":26,"column":null}},"15":{"start":{"line":28,"column":12},"end":{"line":31,"column":null}},"16":{"start":{"line":29,"column":14},"end":{"line":29,"column":null}},"17":{"start":{"line":30,"column":14},"end":{"line":30,"column":null}},"18":{"start":{"line":32,"column":12},"end":{"line":32,"column":null}},"19":{"start":{"line":34,"column":12},"end":{"line":34,"column":null}},"20":{"start":{"line":37,"column":10},"end":{"line":37,"column":null}},"21":{"start":{"line":40,"column":8},"end":{"line":40,"column":null}},"22":{"start":{"line":44,"column":4},"end":{"line":44,"column":null}},"23":{"start":{"line":54,"column":27},"end":{"line":60,"column":null}},"24":{"start":{"line":55,"column":18},"end":{"line":55,"column":null}},"25":{"start":{"line":56,"column":2},"end":{"line":58,"column":null}},"26":{"start":{"line":57,"column":4},"end":{"line":57,"column":null}},"27":{"start":{"line":59,"column":2},"end":{"line":59,"column":null}}},"fnMap":{"0":{"name":"SupabaseProvider","decl":{"start":{"line":8,"column":24},"end":{"line":8,"column":41}},"loc":{"start":{"line":12,"column":1},"end":{"line":52,"column":1}}},"1":{"name":"(anonymous_4)","decl":{"start":{"line":13,"column":12},"end":{"line":13,"column":null}},"loc":{"start":{"line":13,"column":12},"end":{"line":45,"column":5}}},"2":{"name":"(anonymous_5)","decl":{"start":{"line":14,"column":31},"end":{"line":14,"column":null}},"loc":{"start":{"line":14,"column":31},"end":{"line":42,"column":null}}},"3":{"name":"(anonymous_6)","decl":{"start":{"line":54,"column":27},"end":{"line":54,"column":null}},"loc":{"start":{"line":54,"column":27},"end":{"line":60,"column":null}}}},"branchMap":{"0":{"loc":{"start":{"line":17,"column":8},"end":{"line":38,"column":null}},"type":"if","locations":[{"start":{"line":17,"column":8},"end":{"line":38,"column":null}},{"start":{"line":36,"column":15},"end":{"line":38,"column":null}}]},"1":{"loc":{"start":{"line":21,"column":10},"end":{"line":35,"column":null}},"type":"if","locations":[{"start":{"line":21,"column":10},"end":{"line":35,"column":null}},{"start":{"line":33,"column":17},"end":{"line":35,"column":null}}]},"2":{"loc":{"start":{"line":21,"column":14},"end":{"line":21,"column":33}},"type":"binary-expr","locations":[{"start":{"line":21,"column":14},"end":{"line":21,"column":23}},{"start":{"line":21,"column":23},"end":{"line":21,"column":33}}]},"3":{"loc":{"start":{"line":28,"column":12},"end":{"line":31,"column":null}},"type":"if","locations":[{"start":{"line":28,"column":12},"end":{"line":31,"column":null}}]},"4":{"loc":{"start":{"line":56,"column":2},"end":{"line":58,"column":null}},"type":"if","locations":[{"start":{"line":56,"column":2},"end":{"line":58,"column":null}}]}},"s":{"0":0,"1":0,"2":0,"3":0,"4":0,"5":0,"6":0,"7":0,"8":0,"9":0,"10":0,"11":0,"12":0,"13":0,"14":0,"15":0,"16":0,"17":0,"18":0,"19":0,"20":0,"21":0,"22":0,"23":0,"24":0,"25":0,"26":0,"27":0},"f":{"0":0,"1":0,"2":0,"3":0},"b":{"0":[0,0],"1":[0,0],"2":[0,0],"3":[0],"4":[0]}}
,"D:\\Gerry\\Programmer\\Best Terbaik(2025)\\Project\\Lomba Scraper\\web-app\\src\\components\\ui\\background-elements.tsx": {"path":"D:\\Gerry\\Programmer\\Best Terbaik(2025)\\Project\\Lomba Scraper\\web-app\\src\\components\\ui\\background-elements.tsx","statementMap":{"0":{"start":{"line":4,"column":13},"end":{"line":4,"column":34}},"1":{"start":{"line":2,"column":60},"end":{"line":2,"column":null}},"2":{"start":{"line":4,"column":34},"end":{"line":59,"column":null}},"3":{"start":{"line":40,"column":20},"end":{"line":41,"column":null}}},"fnMap":{"0":{"name":"(anonymous_1)","decl":{"start":{"line":4,"column":34},"end":{"line":4,"column":null}},"loc":{"start":{"line":4,"column":34},"end":{"line":59,"column":null}}},"1":{"name":"(anonymous_2)","decl":{"start":{"line":39,"column":48},"end":{"line":39,"column":49}},"loc":{"start":{"line":40,"column":20},"end":{"line":41,"column":null}}}},"branchMap":{},"s":{"0":0,"1":0,"2":0,"3":0},"f":{"0":0,"1":0},"b":{}}
,"D:\\Gerry\\Programmer\\Best Terbaik(2025)\\Project\\Lomba Scraper\\web-app\\src\\components\\ui\\badge.tsx": {"path":"D:\\Gerry\\Programmer\\Best Terbaik(2025)\\Project\\Lomba Scraper\\web-app\\src\\components\\ui\\badge.tsx","statementMap":{"0":{"start":{"line":36,"column":9},"end":{"line":36,"column":14}},"1":{"start":{"line":36,"column":16},"end":{"line":36,"column":29}},"2":{"start":{"line":1,"column":23},"end":{"line":1,"column":null}},"3":{"start":{"line":2,"column":39},"end":{"line":2,"column":null}},"4":{"start":{"line":4,"column":19},"end":{"line":4,"column":null}},"5":{"start":{"line":6,"column":22},"end":{"line":23,"column":null}}},"fnMap":{"0":{"name":"Badge","decl":{"start":{"line":30,"column":9},"end":{"line":30,"column":15}},"loc":{"start":{"line":30,"column":59},"end":{"line":34,"column":null}}}},"branchMap":{},"s":{"0":0,"1":0,"2":1,"3":1,"4":1,"5":1},"f":{"0":0},"b":{}}
,"D:\\Gerry\\Programmer\\Best Terbaik(2025)\\Project\\Lomba Scraper\\web-app\\src\\components\\ui\\button.tsx": {"path":"D:\\Gerry\\Programmer\\Best Terbaik(2025)\\Project\\Lomba Scraper\\web-app\\src\\components\\ui\\button.tsx","statementMap":{"0":{"start":{"line":56,"column":9},"end":{"line":56,"column":15}},"1":{"start":{"line":56,"column":17},"end":{"line":56,"column":31}},"2":{"start":{"line":1,"column":23},"end":{"line":1,"column":null}},"3":{"start":{"line":2,"column":21},"end":{"line":2,"column":null}},"4":{"start":{"line":3,"column":39},"end":{"line":3,"column":null}},"5":{"start":{"line":5,"column":19},"end":{"line":5,"column":null}},"6":{"start":{"line":7,"column":23},"end":{"line":33,"column":null}},"7":{"start":{"line":42,"column":15},"end":{"line":52,"column":null}},"8":{"start":{"line":44,"column":17},"end":{"line":44,"column":null}},"9":{"start":{"line":54,"column":0},"end":{"line":54,"column":null}}},"fnMap":{"0":{"name":"(anonymous_6)","decl":{"start":{"line":43,"column":2},"end":{"line":43,"column":3}},"loc":{"start":{"line":43,"column":60},"end":{"line":52,"column":null}}}},"branchMap":{"0":{"loc":{"start":{"line":43,"column":31},"end":{"line":43,"column":46}},"type":"default-arg","locations":[{"start":{"line":43,"column":41},"end":{"line":43,"column":46}}]},"1":{"loc":{"start":{"line":44,"column":17},"end":{"line":44,"column":null}},"type":"cond-expr","locations":[{"start":{"line":44,"column":27},"end":{"line":44,"column":31}},{"start":{"line":44,"column":34},"end":{"line":44,"column":null}}]}},"s":{"0":0,"1":0,"2":1,"3":1,"4":1,"5":1,"6":1,"7":1,"8":0,"9":1},"f":{"0":0},"b":{"0":[0],"1":[0,0]}}
,"D:\\Gerry\\Programmer\\Best Terbaik(2025)\\Project\\Lomba Scraper\\web-app\\src\\components\\ui\\card.tsx": {"path":"D:\\Gerry\\Programmer\\Best Terbaik(2025)\\Project\\Lomba Scraper\\web-app\\src\\components\\ui\\card.tsx","statementMap":{"0":{"start":{"line":79,"column":9},"end":{"line":79,"column":13}},"1":{"start":{"line":79,"column":67},"end":{"line":79,"column":78}},"2":{"start":{"line":79,"column":50},"end":{"line":79,"column":65}},"3":{"start":{"line":79,"column":27},"end":{"line":79,"column":37}},"4":{"start":{"line":79,"column":15},"end":{"line":79,"column":25}},"5":{"start":{"line":79,"column":39},"end":{"line":79,"column":48}},"6":{"start":{"line":1,"column":23},"end":{"line":1,"column":null}},"7":{"start":{"line":3,"column":19},"end":{"line":3,"column":null}},"8":{"start":{"line":18,"column":0},"end":{"line":18,"column":null}},"9":{"start":{"line":30,"column":0},"end":{"line":30,"column":null}},"10":{"start":{"line":45,"column":0},"end":{"line":45,"column":null}},"11":{"start":{"line":57,"column":0},"end":{"line":57,"column":null}},"12":{"start":{"line":65,"column":0},"end":{"line":65,"column":null}},"13":{"start":{"line":77,"column":0},"end":{"line":77,"column":null}}},"fnMap":{},"branchMap":{},"s":{"0":0,"1":0,"2":0,"3":0,"4":0,"5":0,"6":0,"7":0,"8":0,"9":0,"10":0,"11":0,"12":0,"13":0},"f":{},"b":{}}
,"D:\\Gerry\\Programmer\\Best Terbaik(2025)\\Project\\Lomba Scraper\\web-app\\src\\components\\ui\\competition-card.tsx": {"path":"D:\\Gerry\\Programmer\\Best Terbaik(2025)\\Project\\Lomba Scraper\\web-app\\src\\components\\ui\\competition-card.tsx","statementMap":{"0":{"start":{"line":14,"column":16},"end":{"line":14,"column":32}},"1":{"start":{"line":3,"column":18},"end":{"line":3,"column":null}},"2":{"start":{"line":4,"column":69},"end":{"line":4,"column":null}},"3":{"start":{"line":5,"column":23},"end":{"line":5,"column":null}},"4":{"start":{"line":6,"column":64},"end":{"line":6,"column":null}},"5":{"start":{"line":7,"column":49},"end":{"line":7,"column":null}},"6":{"start":{"line":15,"column":28},"end":{"line":15,"column":null}},"7":{"start":{"line":16,"column":20},"end":{"line":16,"column":null}}},"fnMap":{"0":{"name":"CompetitionCard","decl":{"start":{"line":14,"column":16},"end":{"line":14,"column":32}},"loc":{"start":{"line":14,"column":69},"end":{"line":121,"column":null}}}},"branchMap":{"0":{"loc":{"start":{"line":22,"column":15},"end":{"line":22,"column":null}},"type":"binary-expr","locations":[{"start":{"line":22,"column":15},"end":{"line":22,"column":36}},{"start":{"line":22,"column":40},"end":{"line":22,"column":null}}]},"1":{"loc":{"start":{"line":40,"column":10},"end":{"line":44,"column":null}},"type":"cond-expr","locations":[{"start":{"line":41,"column":14},"end":{"line":41,"column":null}},{"start":{"line":42,"column":14},"end":{"line":44,"column":null}}]},"2":{"loc":{"start":{"line":42,"column":14},"end":{"line":44,"column":null}},"type":"cond-expr","locations":[{"start":{"line":43,"column":16},"end":{"line":43,"column":null}},{"start":{"line":44,"column":16},"end":{"line":44,"column":null}}]},"3":{"loc":{"start":{"line":46,"column":11},"end":{"line":52,"column":50}},"type":"cond-expr","locations":[{"start":{"line":47,"column":14},"end":{"line":47,"column":null}},{"start":{"line":48,"column":14},"end":{"line":52,"column":50}}]},"4":{"loc":{"start":{"line":48,"column":14},"end":{"line":52,"column":50}},"type":"cond-expr","locations":[{"start":{"line":49,"column":16},"end":{"line":49,"column":null}},{"start":{"line":50,"column":16},"end":{"line":52,"column":50}}]},"5":{"loc":{"start":{"line":50,"column":16},"end":{"line":52,"column":50}},"type":"cond-expr","locations":[{"start":{"line":51,"column":18},"end":{"line":51,"column":null}},{"start":{"line":52,"column":18},"end":{"line":52,"column":50}}]},"6":{"loc":{"start":{"line":71,"column":11},"end":{"line":71,"column":null}},"type":"binary-expr","locations":[{"start":{"line":71,"column":11},"end":{"line":71,"column":null}}]},"7":{"loc":{"start":{"line":75,"column":17},"end":{"line":79,"column":59}},"type":"cond-expr","locations":[{"start":{"line":76,"column":20},"end":{"line":76,"column":null}},{"start":{"line":77,"column":20},"end":{"line":79,"column":59}}]},"8":{"loc":{"start":{"line":77,"column":20},"end":{"line":79,"column":59}},"type":"cond-expr","locations":[{"start":{"line":78,"column":22},"end":{"line":78,"column":null}},{"start":{"line":79,"column":22},"end":{"line":79,"column":59}}]},"9":{"loc":{"start":{"line":84,"column":11},"end":{"line":84,"column":33}},"type":"binary-expr","locations":[{"start":{"line":84,"column":11},"end":{"line":84,"column":33}}]},"10":{"loc":{"start":{"line":90,"column":11},"end":{"line":90,"column":34}},"type":"binary-expr","locations":[{"start":{"line":90,"column":11},"end":{"line":90,"column":34}}]},"11":{"loc":{"start":{"line":101,"column":12},"end":{"line":103,"column":null}},"type":"cond-expr","locations":[{"start":{"line":102,"column":16},"end":{"line":102,"column":null}},{"start":{"line":103,"column":16},"end":{"line":103,"column":null}}]},"12":{"loc":{"start":{"line":109,"column":18},"end":{"line":109,"column":73}},"type":"binary-expr","locations":[{"start":{"line":109,"column":18},"end":{"line":109,"column":47}},{"start":{"line":109,"column":51},"end":{"line":109,"column":73}}]},"13":{"loc":{"start":{"line":115,"column":13},"end":{"line":115,"column":null}},"type":"cond-expr","locations":[{"start":{"line":115,"column":25},"end":{"line":115,"column":47}},{"start":{"line":115,"column":47},"end":{"line":115,"column":null}}]}},"s":{"0":0,"1":0,"2":0,"3":0,"4":0,"5":0,"6":0,"7":0},"f":{"0":0},"b":{"0":[0,0],"1":[0,0],"2":[0,0],"3":[0,0],"4":[0,0],"5":[0,0],"6":[0],"7":[0,0],"8":[0,0],"9":[0],"10":[0],"11":[0,0],"12":[0,0],"13":[0,0]}}
,"D:\\Gerry\\Programmer\\Best Terbaik(2025)\\Project\\Lomba Scraper\\web-app\\src\\components\\ui\\competition-skeleton.tsx": {"path":"D:\\Gerry\\Programmer\\Best Terbaik(2025)\\Project\\Lomba Scraper\\web-app\\src\\components\\ui\\competition-skeleton.tsx","statementMap":{"0":{"start":{"line":5,"column":16},"end":{"line":5,"column":null}},"1":{"start":{"line":3,"column":58},"end":{"line":3,"column":null}}},"fnMap":{"0":{"name":"CompetitionSkeleton","decl":{"start":{"line":5,"column":16},"end":{"line":5,"column":null}},"loc":{"start":{"line":5,"column":16},"end":{"line":47,"column":null}}}},"branchMap":{},"s":{"0":0,"1":0},"f":{"0":0},"b":{}}
,"D:\\Gerry\\Programmer\\Best Terbaik(2025)\\Project\\Lomba Scraper\\web-app\\src\\components\\ui\\dialog.tsx": {"path":"D:\\Gerry\\Programmer\\Best Terbaik(2025)\\Project\\Lomba Scraper\\web-app\\src\\components\\ui\\dialog.tsx","statementMap":{"0":{"start":{"line":112,"column":2},"end":{"line":112,"column":8}},"1":{"start":{"line":115,"column":2},"end":{"line":115,"column":13}},"2":{"start":{"line":117,"column":2},"end":{"line":117,"column":15}},"3":{"start":{"line":121,"column":2},"end":{"line":121,"column":19}},"4":{"start":{"line":119,"column":2},"end":{"line":119,"column":14}},"5":{"start":{"line":118,"column":2},"end":{"line":118,"column":14}},"6":{"start":{"line":114,"column":2},"end":{"line":114,"column":15}},"7":{"start":{"line":113,"column":2},"end":{"line":113,"column":14}},"8":{"start":{"line":120,"column":2},"end":{"line":120,"column":13}},"9":{"start":{"line":116,"column":2},"end":{"line":116,"column":15}},"10":{"start":{"line":3,"column":23},"end":{"line":3,"column":null}},"11":{"start":{"line":4,"column":33},"end":{"line":4,"column":null}},"12":{"start":{"line":5,"column":18},"end":{"line":5,"column":null}},"13":{"start":{"line":7,"column":19},"end":{"line":7,"column":null}},"14":{"start":{"line":9,"column":15},"end":{"line":9,"column":35}},"15":{"start":{"line":11,"column":22},"end":{"line":11,"column":45}},"16":{"start":{"line":13,"column":21},"end":{"line":13,"column":43}},"17":{"start":{"line":15,"column":20},"end":{"line":15,"column":41}},"18":{"start":{"line":30,"column":0},"end":{"line":30,"column":null}},"19":{"start":{"line":54,"column":0},"end":{"line":54,"column":null}},"20":{"start":{"line":68,"column":0},"end":{"line":68,"column":null}},"21":{"start":{"line":82,"column":0},"end":{"line":82,"column":null}},"22":{"start":{"line":97,"column":0},"end":{"line":97,"column":null}},"23":{"start":{"line":109,"column":0},"end":{"line":109,"column":null}}},"fnMap":{},"branchMap":{},"s":{"0":0,"1":0,"2":0,"3":0,"4":0,"5":0,"6":0,"7":0,"8":0,"9":0,"10":0,"11":0,"12":0,"13":0,"14":0,"15":0,"16":0,"17":0,"18":0,"19":0,"20":0,"21":0,"22":0,"23":0},"f":{},"b":{}}
,"D:\\Gerry\\Programmer\\Best Terbaik(2025)\\Project\\Lomba Scraper\\web-app\\src\\components\\ui\\dropdown-menu.tsx": {"path":"D:\\Gerry\\Programmer\\Best Terbaik(2025)\\Project\\Lomba Scraper\\web-app\\src\\components\\ui\\dropdown-menu.tsx","statementMap":{"0":{"start":{"line":185,"column":2},"end":{"line":185,"column":14}},"1":{"start":{"line":189,"column":2},"end":{"line":189,"column":26}},"2":{"start":{"line":187,"column":2},"end":{"line":187,"column":21}},"3":{"start":{"line":194,"column":2},"end":{"line":194,"column":19}},"4":{"start":{"line":188,"column":2},"end":{"line":188,"column":18}},"5":{"start":{"line":191,"column":2},"end":{"line":191,"column":19}},"6":{"start":{"line":195,"column":2},"end":{"line":195,"column":20}},"7":{"start":{"line":199,"column":2},"end":{"line":199,"column":24}},"8":{"start":{"line":190,"column":2},"end":{"line":190,"column":23}},"9":{"start":{"line":192,"column":2},"end":{"line":192,"column":23}},"10":{"start":{"line":193,"column":2},"end":{"line":193,"column":22}},"11":{"start":{"line":196,"column":2},"end":{"line":196,"column":17}},"12":{"start":{"line":197,"column":2},"end":{"line":197,"column":24}},"13":{"start":{"line":198,"column":2},"end":{"line":198,"column":24}},"14":{"start":{"line":186,"column":2},"end":{"line":186,"column":21}},"15":{"start":{"line":3,"column":23},"end":{"line":3,"column":null}},"16":{"start":{"line":4,"column":39},"end":{"line":4,"column":null}},"17":{"start":{"line":5,"column":44},"end":{"line":5,"column":null}},"18":{"start":{"line":7,"column":19},"end":{"line":7,"column":null}},"19":{"start":{"line":9,"column":21},"end":{"line":9,"column":47}},"20":{"start":{"line":11,"column":28},"end":{"line":11,"column":57}},"21":{"start":{"line":13,"column":26},"end":{"line":13,"column":53}},"22":{"start":{"line":15,"column":27},"end":{"line":15,"column":55}},"23":{"start":{"line":17,"column":24},"end":{"line":17,"column":49}},"24":{"start":{"line":19,"column":31},"end":{"line":19,"column":63}},"25":{"start":{"line":40,"column":0},"end":{"line":41,"column":null}},"26":{"start":{"line":56,"column":0},"end":{"line":57,"column":null}},"27":{"start":{"line":75,"column":0},"end":{"line":75,"column":null}},"28":{"start":{"line":93,"column":0},"end":{"line":93,"column":null}},"29":{"start":{"line":116,"column":0},"end":{"line":117,"column":null}},"30":{"start":{"line":139,"column":0},"end":{"line":139,"column":null}},"31":{"start":{"line":157,"column":0},"end":{"line":157,"column":null}},"32":{"start":{"line":169,"column":0},"end":{"line":169,"column":null}},"33":{"start":{"line":171,"column":29},"end":{"line":181,"column":null}},"34":{"start":{"line":182,"column":0},"end":{"line":182,"column":null}}},"fnMap":{"0":{"name":"(anonymous_27)","decl":{"start":{"line":171,"column":29},"end":{"line":171,"column":30}},"loc":{"start":{"line":174,"column":40},"end":{"line":181,"column":null}}}},"branchMap":{"0":{"loc":{"start":{"line":31,"column":6},"end":{"line":31,"column":null}},"type":"binary-expr","locations":[{"start":{"line":31,"column":6},"end":{"line":31,"column":15}},{"start":{"line":31,"column":15},"end":{"line":31,"column":null}}]},"1":{"loc":{"start":{"line":62,"column":16},"end":{"line":62,"column":30}},"type":"default-arg","locations":[{"start":{"line":62,"column":29},"end":{"line":62,"column":30}}]},"2":{"loc":{"start":{"line":87,"column":6},"end":{"line":87,"column":null}},"type":"binary-expr","locations":[{"start":{"line":87,"column":6},"end":{"line":87,"column":15}},{"start":{"line":87,"column":15},"end":{"line":87,"column":null}}]},"3":{"loc":{"start":{"line":151,"column":6},"end":{"line":151,"column":null}},"type":"binary-expr","locations":[{"start":{"line":151,"column":6},"end":{"line":151,"column":15}},{"start":{"line":151,"column":15},"end":{"line":151,"column":null}}]}},"s":{"0":0,"1":0,"2":0,"3":0,"4":0,"5":0,"6":0,"7":0,"8":0,"9":0,"10":0,"11":0,"12":0,"13":0,"14":0,"15":0,"16":0,"17":0,"18":0,"19":0,"20":0,"21":0,"22":0,"23":0,"24":0,"25":0,"26":0,"27":0,"28":0,"29":0,"30":0,"31":0,"32":0,"33":0,"34":0},"f":{"0":0},"b":{"0":[0,0],"1":[0],"2":[0,0],"3":[0,0]}}
,"D:\\Gerry\\Programmer\\Best Terbaik(2025)\\Project\\Lomba Scraper\\web-app\\src\\components\\ui\\filter-dialog.tsx": {"path":"D:\\Gerry\\Programmer\\Best Terbaik(2025)\\Project\\Lomba Scraper\\web-app\\src\\components\\ui\\filter-dialog.tsx","statementMap":{"0":{"start":{"line":35,"column":16},"end":{"line":35,"column":29}},"1":{"start":{"line":3,"column":23},"end":{"line":3,"column":null}},"2":{"start":{"line":10,"column":7},"end":{"line":10,"column":null}},"3":{"start":{"line":17,"column":7},"end":{"line":17,"column":null}},"4":{"start":{"line":18,"column":23},"end":{"line":18,"column":null}},"5":{"start":{"line":19,"column":22},"end":{"line":19,"column":null}},"6":{"start":{"line":27,"column":20},"end":{"line":27,"column":null}},"7":{"start":{"line":28,"column":14},"end":{"line":28,"column":null}},"8":{"start":{"line":28,"column":50},"end":{"line":28,"column":null}},"9":{"start":{"line":29,"column":15},"end":{"line":32,"column":null}},"10":{"start":{"line":33,"column":18},"end":{"line":33,"column":null}},"11":{"start":{"line":54,"column":16},"end":{"line":57,"column":null}},"12":{"start":{"line":66,"column":18},"end":{"line":66,"column":45}},"13":{"start":{"line":78,"column":16},"end":{"line":81,"column":null}},"14":{"start":{"line":91,"column":18},"end":{"line":91,"column":42}},"15":{"start":{"line":103,"column":16},"end":{"line":106,"column":null}},"16":{"start":{"line":116,"column":18},"end":{"line":116,"column":41}},"17":{"start":{"line":127,"column":27},"end":{"line":127,"column":null}}},"fnMap":{"0":{"name":"(anonymous_1)","decl":{"start":{"line":28,"column":40},"end":{"line":28,"column":41}},"loc":{"start":{"line":28,"column":50},"end":{"line":28,"column":null}}},"1":{"name":"FilterDialog","decl":{"start":{"line":35,"column":16},"end":{"line":35,"column":29}},"loc":{"start":{"line":35,"column":74},"end":{"line":135,"column":null}}},"2":{"name":"(anonymous_3)","decl":{"start":{"line":53,"column":29},"end":{"line":53,"column":30}},"loc":{"start":{"line":54,"column":16},"end":{"line":57,"column":null}}},"3":{"name":"(anonymous_4)","decl":{"start":{"line":65,"column":31},"end":{"line":65,"column":32}},"loc":{"start":{"line":66,"column":18},"end":{"line":66,"column":45}}},"4":{"name":"(anonymous_5)","decl":{"start":{"line":77,"column":29},"end":{"line":77,"column":30}},"loc":{"start":{"line":78,"column":16},"end":{"line":81,"column":null}}},"5":{"name":"(anonymous_6)","decl":{"start":{"line":90,"column":28},"end":{"line":90,"column":29}},"loc":{"start":{"line":91,"column":18},"end":{"line":91,"column":42}}},"6":{"name":"(anonymous_7)","decl":{"start":{"line":102,"column":29},"end":{"line":102,"column":30}},"loc":{"start":{"line":103,"column":16},"end":{"line":106,"column":null}}},"7":{"name":"(anonymous_8)","decl":{"start":{"line":115,"column":27},"end":{"line":115,"column":28}},"loc":{"start":{"line":116,"column":18},"end":{"line":116,"column":41}}},"8":{"name":"(anonymous_9)","decl":{"start":{"line":127,"column":21},"end":{"line":127,"column":27}},"loc":{"start":{"line":127,"column":27},"end":{"line":127,"column":null}}}},"branchMap":{"0":{"loc":{"start":{"line":52,"column":21},"end":{"line":52,"column":null}},"type":"binary-expr","locations":[{"start":{"line":52,"column":21},"end":{"line":52,"column":43}},{"start":{"line":52,"column":47},"end":{"line":52,"column":null}}]},"1":{"loc":{"start":{"line":56,"column":35},"end":{"line":56,"column":null}},"type":"cond-expr","locations":[{"start":{"line":56,"column":53},"end":{"line":56,"column":65}},{"start":{"line":56,"column":65},"end":{"line":56,"column":null}}]},"2":{"loc":{"start":{"line":76,"column":21},"end":{"line":76,"column":null}},"type":"binary-expr","locations":[{"start":{"line":76,"column":21},"end":{"line":76,"column":49}},{"start":{"line":76,"column":49},"end":{"line":76,"column":null}}]},"3":{"loc":{"start":{"line":80,"column":25},"end":{"line":80,"column":null}},"type":"cond-expr","locations":[{"start":{"line":80,"column":43},"end":{"line":80,"column":55}},{"start":{"line":80,"column":55},"end":{"line":80,"column":null}}]},"4":{"loc":{"start":{"line":101,"column":21},"end":{"line":101,"column":null}},"type":"binary-expr","locations":[{"start":{"line":101,"column":21},"end":{"line":101,"column":48}},{"start":{"line":101,"column":48},"end":{"line":101,"column":null}}]},"5":{"loc":{"start":{"line":105,"column":24},"end":{"line":105,"column":null}},"type":"cond-expr","locations":[{"start":{"line":105,"column":42},"end":{"line":105,"column":54}},{"start":{"line":105,"column":54},"end":{"line":105,"column":null}}]}},"s":{"0":0,"1":0,"2":0,"3":0,"4":0,"5":0,"6":0,"7":0,"8":0,"9":0,"10":0,"11":0,"12":0,"13":0,"14":0,"15":0,"16":0,"17":0},"f":{"0":0,"1":0,"2":0,"3":0,"4":0,"5":0,"6":0,"7":0,"8":0},"b":{"0":[0,0],"1":[0,0],"2":[0,0],"3":[0,0],"4":[0,0],"5":[0,0]}}
,"D:\\Gerry\\Programmer\\Best Terbaik(2025)\\Project\\Lomba Scraper\\web-app\\src\\components\\ui\\input.tsx": {"path":"D:\\Gerry\\Programmer\\Best Terbaik(2025)\\Project\\Lomba Scraper\\web-app\\src\\components\\ui\\input.tsx","statementMap":{"0":{"start":{"line":25,"column":9},"end":{"line":25,"column":null}},"1":{"start":{"line":1,"column":23},"end":{"line":1,"column":null}},"2":{"start":{"line":3,"column":19},"end":{"line":3,"column":null}},"3":{"start":{"line":8,"column":14},"end":{"line":21,"column":null}},"4":{"start":{"line":23,"column":0},"end":{"line":23,"column":null}}},"fnMap":{"0":{"name":"(anonymous_4)","decl":{"start":{"line":9,"column":2},"end":{"line":9,"column":3}},"loc":{"start":{"line":9,"column":34},"end":{"line":21,"column":null}}}},"branchMap":{},"s":{"0":0,"1":1,"2":1,"3":1,"4":1},"f":{"0":0},"b":{}}
,"D:\\Gerry\\Programmer\\Best Terbaik(2025)\\Project\\Lomba Scraper\\web-app\\src\\components\\ui\\label.tsx": {"path":"D:\\Gerry\\Programmer\\Best Terbaik(2025)\\Project\\Lomba Scraper\\web-app\\src\\components\\ui\\label.tsx","statementMap":{"0":{"start":{"line":26,"column":9},"end":{"line":26,"column":null}},"1":{"start":{"line":3,"column":23},"end":{"line":3,"column":null}},"2":{"start":{"line":4,"column":32},"end":{"line":4,"column":null}},"3":{"start":{"line":5,"column":39},"end":{"line":5,"column":null}},"4":{"start":{"line":7,"column":19},"end":{"line":7,"column":null}},"5":{"start":{"line":9,"column":22},"end":{"line":10,"column":null}},"6":{"start":{"line":24,"column":0},"end":{"line":24,"column":null}}},"fnMap":{},"branchMap":{},"s":{"0":0,"1":0,"2":0,"3":0,"4":0,"5":0,"6":0},"f":{},"b":{}}
,"D:\\Gerry\\Programmer\\Best Terbaik(2025)\\Project\\Lomba Scraper\\web-app\\src\\components\\ui\\select.tsx": {"path":"D:\\Gerry\\Programmer\\Best Terbaik(2025)\\Project\\Lomba Scraper\\web-app\\src\\components\\ui\\select.tsx","statementMap":{"0":{"start":{"line":151,"column":2},"end":{"line":151,"column":8}},"1":{"start":{"line":155,"column":2},"end":{"line":155,"column":15}},"2":{"start":{"line":152,"column":2},"end":{"line":152,"column":13}},"3":{"start":{"line":157,"column":2},"end":{"line":157,"column":12}},"4":{"start":{"line":156,"column":2},"end":{"line":156,"column":13}},"5":{"start":{"line":160,"column":2},"end":{"line":160,"column":24}},"6":{"start":{"line":159,"column":2},"end":{"line":159,"column":22}},"7":{"start":{"line":158,"column":2},"end":{"line":158,"column":17}},"8":{"start":{"line":154,"column":2},"end":{"line":154,"column":15}},"9":{"start":{"line":153,"column":2},"end":{"line":153,"column":13}},"10":{"start":{"line":4,"column":23},"end":{"line":4,"column":null}},"11":{"start":{"line":5,"column":33},"end":{"line":5,"column":null}},"12":{"start":{"line":6,"column":46},"end":{"line":6,"column":null}},"13":{"start":{"line":8,"column":19},"end":{"line":8,"column":null}},"14":{"start":{"line":10,"column":15},"end":{"line":10,"column":35}},"15":{"start":{"line":12,"column":20},"end":{"line":12,"column":41}},"16":{"start":{"line":14,"column":20},"end":{"line":14,"column":41}},"17":{"start":{"line":34,"column":0},"end":{"line":34,"column":null}},"18":{"start":{"line":51,"column":0},"end":{"line":51,"column":null}},"19":{"start":{"line":68,"column":0},"end":{"line":69,"column":null}},"20":{"start":{"line":101,"column":0},"end":{"line":101,"column":null}},"21":{"start":{"line":113,"column":0},"end":{"line":113,"column":null}},"22":{"start":{"line":136,"column":0},"end":{"line":136,"column":null}},"23":{"start":{"line":148,"column":0},"end":{"line":148,"column":null}}},"fnMap":{},"branchMap":{"0":{"loc":{"start":{"line":74,"column":26},"end":{"line":74,"column":45}},"type":"default-arg","locations":[{"start":{"line":74,"column":37},"end":{"line":74,"column":45}}]},"1":{"loc":{"start":{"line":80,"column":8},"end":{"line":81,"column":null}},"type":"binary-expr","locations":[{"start":{"line":80,"column":8},"end":{"line":80,"column":null}},{"start":{"line":81,"column":10},"end":{"line":81,"column":null}}]},"2":{"loc":{"start":{"line":91,"column":10},"end":{"line":92,"column":null}},"type":"binary-expr","locations":[{"start":{"line":91,"column":10},"end":{"line":91,"column":null}},{"start":{"line":92,"column":12},"end":{"line":92,"column":null}}]}},"s":{"0":0,"1":0,"2":0,"3":0,"4":0,"5":0,"6":0,"7":0,"8":0,"9":0,"10":1,"11":1,"12":1,"13":1,"14":1,"15":1,"16":1,"17":1,"18":1,"19":1,"20":1,"21":1,"22":1,"23":1},"f":{},"b":{"0":[0],"1":[0,0],"2":[0,0]}}
,"D:\\Gerry\\Programmer\\Best Terbaik(2025)\\Project\\Lomba Scraper\\web-app\\src\\components\\ui\\tabs.tsx": {"path":"D:\\Gerry\\Programmer\\Best Terbaik(2025)\\Project\\Lomba Scraper\\web-app\\src\\components\\ui\\tabs.tsx","statementMap":{"0":{"start":{"line":55,"column":9},"end":{"line":55,"column":13}},"1":{"start":{"line":55,"column":38},"end":{"line":55,"column":49}},"2":{"start":{"line":55,"column":15},"end":{"line":55,"column":23}},"3":{"start":{"line":55,"column":25},"end":{"line":55,"column":36}},"4":{"start":{"line":3,"column":23},"end":{"line":3,"column":null}},"5":{"start":{"line":4,"column":31},"end":{"line":4,"column":null}},"6":{"start":{"line":6,"column":19},"end":{"line":6,"column":null}},"7":{"start":{"line":8,"column":13},"end":{"line":8,"column":31}},"8":{"start":{"line":23,"column":0},"end":{"line":23,"column":null}},"9":{"start":{"line":38,"column":0},"end":{"line":38,"column":null}},"10":{"start":{"line":53,"column":0},"end":{"line":53,"column":null}}},"fnMap":{},"branchMap":{},"s":{"0":0,"1":0,"2":0,"3":0,"4":1,"5":1,"6":1,"7":1,"8":1,"9":1,"10":1},"f":{},"b":{}}
,"D:\\Gerry\\Programmer\\Best Terbaik(2025)\\Project\\Lomba Scraper\\web-app\\src\\lib\\supabase.ts": {"path":"D:\\Gerry\\Programmer\\Best Terbaik(2025)\\Project\\Lomba Scraper\\web-app\\src\\lib\\supabase.ts","statementMap":{"0":{"start":{"line":105,"column":22},"end":{"line":105,"column":35}},"1":{"start":{"line":127,"column":22},"end":{"line":127,"column":40}},"2":{"start":{"line":49,"column":22},"end":{"line":49,"column":37}},"3":{"start":{"line":182,"column":22},"end":{"line":182,"column":43}},"4":{"start":{"line":159,"column":22},"end":{"line":159,"column":40}},"5":{"start":{"line":14,"column":13},"end":{"line":14,"column":21}},"6":{"start":{"line":1,"column":29},"end":{"line":1,"column":null}},"7":{"start":{"line":4,"column":20},"end":{"line":4,"column":56}},"8":{"start":{"line":5,"column":24},"end":{"line":5,"column":65}},"9":{"start":{"line":6,"column":22},"end":{"line":6,"column":60}},"10":{"start":{"line":7,"column":25},"end":{"line":7,"column":66}},"11":{"start":{"line":9,"column":0},"end":{"line":11,"column":null}},"12":{"start":{"line":10,"column":2},"end":{"line":10,"column":null}},"13":{"start":{"line":14,"column":24},"end":{"line":20,"column":null}},"14":{"start":{"line":24,"column":2},"end":{"line":45,"column":null}},"15":{"start":{"line":25,"column":34},"end":{"line":25,"column":null}},"16":{"start":{"line":27,"column":4},"end":{"line":41,"column":null}},"17":{"start":{"line":28,"column":6},"end":{"line":28,"column":null}},"18":{"start":{"line":29,"column":24},"end":{"line":32,"column":null}},"19":{"start":{"line":34,"column":6},"end":{"line":37,"column":null}},"20":{"start":{"line":35,"column":8},"end":{"line":35,"column":null}},"21":{"start":{"line":36,"column":8},"end":{"line":36,"column":null}},"22":{"start":{"line":38,"column":6},"end":{"line":38,"column":null}},"23":{"start":{"line":39,"column":11},"end":{"line":41,"column":null}},"24":{"start":{"line":40,"column":6},"end":{"line":40,"column":null}},"25":{"start":{"line":43,"column":4},"end":{"line":43,"column":null}},"26":{"start":{"line":44,"column":4},"end":{"line":44,"column":null}},"27":{"start":{"line":50,"column":2},"end":{"line":101,"column":null}},"28":{"start":{"line":51,"column":4},"end":{"line":51,"column":null}},"29":{"start":{"line":53,"column":4},"end":{"line":53,"column":null}},"30":{"start":{"line":54,"column":28},"end":{"line":64,"column":null}},"31":{"start":{"line":66,"column":4},"end":{"line":69,"column":null}},"32":{"start":{"line":67,"column":6},"end":{"line":67,"column":null}},"33":{"start":{"line":68,"column":6},"end":{"line":68,"column":null}},"34":{"start":{"line":72,"column":26},"end":{"line":94,"column":12}},"35":{"start":{"line":74,"column":6},"end":{"line":74,"column":null}},"36":{"start":{"line":75,"column":6},"end":{"line":75,"column":null}},"37":{"start":{"line":76,"column":6},"end":{"line":76,"column":null}},"38":{"start":{"line":79,"column":6},"end":{"line":91,"column":null}},"39":{"start":{"line":80,"column":8},"end":{"line":90,"column":null}},"40":{"start":{"line":82,"column":23},"end":{"line":82,"column":null}},"41":{"start":{"line":83,"column":10},"end":{"line":87,"column":null}},"42":{"start":{"line":84,"column":12},"end":{"line":84,"column":null}},"43":{"start":{"line":86,"column":12},"end":{"line":86,"column":null}},"44":{"start":{"line":89,"column":10},"end":{"line":89,"column":null}},"45":{"start":{"line":93,"column":6},"end":{"line":93,"column":null}},"46":{"start":{"line":96,"column":4},"end":{"line":96,"column":null}},"47":{"start":{"line":97,"column":4},"end":{"line":97,"column":null}},"48":{"start":{"line":99,"column":4},"end":{"line":99,"column":null}},"49":{"start":{"line":100,"column":4},"end":{"line":100,"column":null}},"50":{"start":{"line":106,"column":2},"end":{"line":123,"column":null}},"51":{"start":{"line":107,"column":4},"end":{"line":107,"column":null}},"52":{"start":{"line":109,"column":28},"end":{"line":112,"column":null}},"53":{"start":{"line":114,"column":4},"end":{"line":117,"column":null}},"54":{"start":{"line":115,"column":6},"end":{"line":115,"column":null}},"55":{"start":{"line":116,"column":6},"end":{"line":116,"column":null}},"56":{"start":{"line":119,"column":4},"end":{"line":119,"column":null}},"57":{"start":{"line":121,"column":4},"end":{"line":121,"column":null}},"58":{"start":{"line":122,"column":4},"end":{"line":122,"column":null}},"59":{"start":{"line":128,"column":2},"end":{"line":128,"column":null}},"60":{"start":{"line":128,"column":11},"end":{"line":128,"column":null}},"61":{"start":{"line":130,"column":2},"end":{"line":155,"column":null}},"62":{"start":{"line":131,"column":4},"end":{"line":131,"column":null}},"63":{"start":{"line":133,"column":28},"end":{"line":144,"column":null}},"64":{"start":{"line":146,"column":4},"end":{"line":149,"column":null}},"65":{"start":{"line":147,"column":6},"end":{"line":147,"column":null}},"66":{"start":{"line":148,"column":6},"end":{"line":148,"column":null}},"67":{"start":{"line":151,"column":4},"end":{"line":151,"column":null}},"68":{"start":{"line":153,"column":4},"end":{"line":153,"column":null}},"69":{"start":{"line":154,"column":4},"end":{"line":154,"column":null}},"70":{"start":{"line":160,"column":2},"end":{"line":178,"column":null}},"71":{"start":{"line":161,"column":4},"end":{"line":161,"column":null}},"72":{"start":{"line":163,"column":28},"end":{"line":167,"column":null}},"73":{"start":{"line":169,"column":4},"end":{"line":172,"column":null}},"74":{"start":{"line":170,"column":6},"end":{"line":170,"column":null}},"75":{"start":{"line":171,"column":6},"end":{"line":171,"column":null}},"76":{"start":{"line":174,"column":4},"end":{"line":174,"column":null}},"77":{"start":{"line":176,"column":4},"end":{"line":176,"column":null}},"78":{"start":{"line":177,"column":4},"end":{"line":177,"column":null}},"79":{"start":{"line":183,"column":2},"end":{"line":200,"column":null}},"80":{"start":{"line":184,"column":4},"end":{"line":184,"column":null}},"81":{"start":{"line":186,"column":28},"end":{"line":188,"column":null}},"82":{"start":{"line":190,"column":4},"end":{"line":193,"column":null}},"83":{"start":{"line":191,"column":6},"end":{"line":191,"column":null}},"84":{"start":{"line":192,"column":6},"end":{"line":192,"column":null}},"85":{"start":{"line":195,"column":4},"end":{"line":195,"column":null}},"86":{"start":{"line":196,"column":4},"end":{"line":196,"column":null}},"87":{"start":{"line":198,"column":4},"end":{"line":198,"column":null}},"88":{"start":{"line":199,"column":4},"end":{"line":199,"column":null}}},"fnMap":{"0":{"name":"ensureSession","decl":{"start":{"line":23,"column":15},"end":{"line":23,"column":null}},"loc":{"start":{"line":23,"column":15},"end":{"line":46,"column":null}}},"1":{"name":"getCompetitions","decl":{"start":{"line":49,"column":22},"end":{"line":49,"column":37}},"loc":{"start":{"line":49,"column":22},"end":{"line":102,"column":null}}},"2":{"name":"(anonymous_9)","decl":{"start":{"line":72,"column":36},"end":{"line":72,"column":null}},"loc":{"start":{"line":72,"column":36},"end":{"line":94,"column":10}}},"3":{"name":"getCategories","decl":{"start":{"line":105,"column":22},"end":{"line":105,"column":35}},"loc":{"start":{"line":105,"column":22},"end":{"line":124,"column":null}}},"4":{"name":"getCompetitionById","decl":{"start":{"line":127,"column":22},"end":{"line":127,"column":40}},"loc":{"start":{"line":127,"column":51},"end":{"line":156,"column":null}}},"5":{"name":"getScrapingJobById","decl":{"start":{"line":159,"column":22},"end":{"line":159,"column":40}},"loc":{"start":{"line":159,"column":51},"end":{"line":179,"column":null}}},"6":{"name":"getLatestScrapingJobs","decl":{"start":{"line":182,"column":22},"end":{"line":182,"column":43}},"loc":{"start":{"line":182,"column":22},"end":{"line":201,"column":null}}}},"branchMap":{"0":{"loc":{"start":{"line":9,"column":0},"end":{"line":11,"column":null}},"type":"if","locations":[{"start":{"line":9,"column":0},"end":{"line":11,"column":null}}]},"1":{"loc":{"start":{"line":9,"column":4},"end":{"line":9,"column":38}},"type":"binary-expr","locations":[{"start":{"line":9,"column":4},"end":{"line":9,"column":20}},{"start":{"line":9,"column":20},"end":{"line":9,"column":38}}]},"2":{"loc":{"start":{"line":27,"column":4},"end":{"line":41,"column":null}},"type":"if","locations":[{"start":{"line":27,"column":4},"end":{"line":41,"column":null}},{"start":{"line":39,"column":11},"end":{"line":41,"column":null}}]},"3":{"loc":{"start":{"line":27,"column":8},"end":{"line":27,"column":55}},"type":"binary-expr","locations":[{"start":{"line":27,"column":8},"end":{"line":27,"column":20}},{"start":{"line":27,"column":20},"end":{"line":27,"column":37}},{"start":{"line":27,"column":37},"end":{"line":27,"column":55}}]},"4":{"loc":{"start":{"line":34,"column":6},"end":{"line":37,"column":null}},"type":"if","locations":[{"start":{"line":34,"column":6},"end":{"line":37,"column":null}}]},"5":{"loc":{"start":{"line":39,"column":11},"end":{"line":41,"column":null}},"type":"if","locations":[{"start":{"line":39,"column":11},"end":{"line":41,"column":null}}]},"6":{"loc":{"start":{"line":66,"column":4},"end":{"line":69,"column":null}},"type":"if","locations":[{"start":{"line":66,"column":4},"end":{"line":69,"column":null}}]},"7":{"loc":{"start":{"line":72,"column":26},"end":{"line":94,"column":12}},"type":"binary-expr","locations":[{"start":{"line":72,"column":26},"end":{"line":94,"column":10}},{"start":{"line":94,"column":10},"end":{"line":94,"column":12}}]},"8":{"loc":{"start":{"line":79,"column":6},"end":{"line":91,"column":null}},"type":"if","locations":[{"start":{"line":79,"column":6},"end":{"line":91,"column":null}}]},"9":{"loc":{"start":{"line":83,"column":10},"end":{"line":87,"column":null}},"type":"if","locations":[{"start":{"line":83,"column":10},"end":{"line":87,"column":null}}]},"10":{"loc":{"start":{"line":114,"column":4},"end":{"line":117,"column":null}},"type":"if","locations":[{"start":{"line":114,"column":4},"end":{"line":117,"column":null}}]},"11":{"loc":{"start":{"line":119,"column":11},"end":{"line":119,"column":21}},"type":"binary-expr","locations":[{"start":{"line":119,"column":11},"end":{"line":119,"column":19}},{"start":{"line":119,"column":19},"end":{"line":119,"column":21}}]},"12":{"loc":{"start":{"line":128,"column":2},"end":{"line":128,"column":null}},"type":"if","locations":[{"start":{"line":128,"column":2},"end":{"line":128,"column":null}}]},"13":{"loc":{"start":{"line":146,"column":4},"end":{"line":149,"column":null}},"type":"if","locations":[{"start":{"line":146,"column":4},"end":{"line":149,"column":null}}]},"14":{"loc":{"start":{"line":169,"column":4},"end":{"line":172,"column":null}},"type":"if","locations":[{"start":{"line":169,"column":4},"end":{"line":172,"column":null}}]},"15":{"loc":{"start":{"line":190,"column":4},"end":{"line":193,"column":null}},"type":"if","locations":[{"start":{"line":190,"column":4},"end":{"line":193,"column":null}}]},"16":{"loc":{"start":{"line":196,"column":11},"end":{"line":196,"column":21}},"type":"binary-expr","locations":[{"start":{"line":196,"column":11},"end":{"line":196,"column":19}},{"start":{"line":196,"column":19},"end":{"line":196,"column":21}}]}},"s":{"0":0,"1":0,"2":0,"3":0,"4":0,"5":0,"6":0,"7":0,"8":0,"9":0,"10":0,"11":0,"12":0,"13":0,"14":0,"15":0,"16":0,"17":0,"18":0,"19":0,"20":0,"21":0,"22":0,"23":0,"24":0,"25":0,"26":0,"27":0,"28":0,"29":0,"30":0,"31":0,"32":0,"33":0,"34":0,"35":0,"36":0,"37":0,"38":0,"39":0,"40":0,"41":0,"42":0,"43":0,"44":0,"45":0,"46":0,"47":0,"48":0,"49":0,"50":0,"51":0,"52":0,"53":0,"54":0,"55":0,"56":0,"57":0,"58":0,"59":0,"60":0,"61":0,"62":0,"63":0,"64":0,"65":0,"66":0,"67":0,"68":0,"69":0,"70":0,"71":0,"72":0,"73":0,"74":0,"75":0,"76":0,"77":0,"78":0,"79":0,"80":0,"81":0,"82":0,"83":0,"84":0,"85":0,"86":0,"87":0,"88":0},"f":{"0":0,"1":0,"2":0,"3":0,"4":0,"5":0,"6":0},"b":{"0":[0],"1":[0,0],"2":[0,0],"3":[0,0,0],"4":[0],"5":[0],"6":[0],"7":[0,0],"8":[0],"9":[0],"10":[0],"11":[0,0],"12":[0],"13":[0],"14":[0],"15":[0],"16":[0,0]}}
,"D:\\Gerry\\Programmer\\Best Terbaik(2025)\\Project\\Lomba Scraper\\web-app\\src\\lib\\utils.ts": {"path":"D:\\Gerry\\Programmer\\Best Terbaik(2025)\\Project\\Lomba Scraper\\web-app\\src\\lib\\utils.ts","statementMap":{"0":{"start":{"line":4,"column":16},"end":{"line":4,"column":18}},"1":{"start":{"line":8,"column":16},"end":{"line":8,"column":26}},"2":{"start":{"line":18,"column":16},"end":{"line":18,"column":36}},"3":{"start":{"line":1,"column":38},"end":{"line":1,"column":null}},"4":{"start":{"line":2,"column":24},"end":{"line":2,"column":null}},"5":{"start":{"line":5,"column":2},"end":{"line":5,"column":null}},"6":{"start":{"line":10,"column":21},"end":{"line":10,"column":null}},"7":{"start":{"line":11,"column":2},"end":{"line":15,"column":null}},"8":{"start":{"line":19,"column":16},"end":{"line":19,"column":null}},"9":{"start":{"line":22,"column":2},"end":{"line":22,"column":null}},"10":{"start":{"line":25,"column":23},"end":{"line":25,"column":null}},"11":{"start":{"line":26,"column":2},"end":{"line":26,"column":null}},"12":{"start":{"line":29,"column":19},"end":{"line":29,"column":null}},"13":{"start":{"line":30,"column":19},"end":{"line":30,"column":null}},"14":{"start":{"line":32,"column":2},"end":{"line":32,"column":null}}},"fnMap":{"0":{"name":"cn","decl":{"start":{"line":4,"column":16},"end":{"line":4,"column":18}},"loc":{"start":{"line":4,"column":42},"end":{"line":6,"column":null}}},"1":{"name":"formatDate","decl":{"start":{"line":8,"column":16},"end":{"line":8,"column":26}},"loc":{"start":{"line":8,"column":39},"end":{"line":16,"column":null}}},"2":{"name":"getDaysUntilDeadline","decl":{"start":{"line":18,"column":16},"end":{"line":18,"column":36}},"loc":{"start":{"line":18,"column":53},"end":{"line":33,"column":null}}}},"branchMap":{},"s":{"0":0,"1":0,"2":0,"3":1,"4":1,"5":0,"6":0,"7":0,"8":0,"9":0,"10":0,"11":0,"12":0,"13":0,"14":0},"f":{"0":0,"1":0,"2":0},"b":{}}
}
